[0m2021-08-19 23:50:06 V/Net 1406937296: No BdhSession cache[0m
[0m2021-08-19 23:50:06 V/Net 1406937296: No server list cached.[0m
[92m2021-08-19 23:50:09 I/Net 1406937296: Connected to server 203.205.255.224:8080[0m
[0m2021-08-19 23:50:09 V/Net 1406937296: Send: wtlogin.login[0m
[0m2021-08-19 23:50:10 V/Net 1406937296: Recv: UnsafeLogin(bot=Bot(1406937296), url=https://ti.qq.com/safe/verify?_wv=2&_wwv=128&envfrom=device-lock&uin=1406937296&sig=xIuXtcDvrq9%2ByfypL8bTcdPe7jJo8cVS6ajTh4gvn4O8Iptle4hwNCSfmceJ7HOb90vbHKOQ3K85yPBVP6L8ioElWht9FyoOBtkhUNvDO%2BEqOzjB8jkpAE7Ckmo2K7lx)[0m
[0m2021-08-19 23:50:45 V/Net 1406937296: Send: wtlogin.login[0m
[0m2021-08-19 23:50:46 V/Net 1406937296: Recv: WtLogin.Login.LoginPacketResponse.DeviceLockLogin[0m
[0m2021-08-19 23:50:46 V/Net 1406937296: Send: wtlogin.login[0m
[0m2021-08-19 23:50:50 V/Net 1406937296: Recv: LoginPacketResponse.Success[0m
[92m2021-08-19 23:50:50 I/Net 1406937296: Login successful[0m
[0m2021-08-19 23:50:50 V/Net 1406937296: Send: StatSvc.register[0m
[92m2021-08-19 23:50:50 I/Net 1406937296: Saved account secrets to local cache for fast login.[0m
[92m2021-08-19 23:50:55 I/Net 1406937296: Connected to server 183.232.94.44:80[0m
[0m2021-08-19 23:50:55 V/Net 1406937296: Send: wtlogin.exchange_emp[0m
[0m2021-08-19 23:50:56 V/Net 1406937296: Recv: LoginPacketResponse.Success[0m
[92m2021-08-19 23:50:56 I/Net 1406937296: Saved account secrets to local cache for fast login.[0m
[0m2021-08-19 23:50:56 V/Net 1406937296: Send: StatSvc.register[0m
[0m2021-08-19 23:50:56 V/Net 1406937296: Recv: Response(StatSvc.register)[0m
[0m2021-08-19 23:50:56 V/Net 1406937296: Send: StatSvc.register[0m
[0m2021-08-19 23:50:56 V/Net 1406937296: Recv: Response(StatSvc.register)[0m
[92m2021-08-19 23:50:56 I/Net 1406937296: Awaiting ConfigPushSvc.PushReq.[0m
[92m2021-08-19 23:50:56 I/Net 1406937296: Syncing friend message history...[0m
[92m2021-08-19 23:50:56 I/Net 1406937296: Start loading stranger list...[0m
[92m2021-08-19 23:50:56 I/Net 1406937296: Start loading friend list...[0m
[0m2021-08-19 23:50:56 V/Net 1406937296: Send: StatSvc.GetDevLoginInfo[0m
[0m2021-08-19 23:50:56 V/Net 1406937296: Recv: StatSvc.GetDevLoginInfo.Response(deviceList.size=1)[0m
[0m2021-08-19 23:50:56 V/Net 1406937296: Send: OidbSvc.0x496[0m
[0m2021-08-19 23:50:56 V/Net 1406937296: Recv: TroopManagement.GetTroopConfig.Response(true)[0m
[92m2021-08-19 23:50:56 I/Net 1406937296: Start loading group list...[0m
[0m2021-08-19 23:50:56 V/Net 1406937296: Send: MessageSvc.PbGetMsg[0m
[0m2021-08-19 23:50:56 V/Net 1406937296: Send: MessageSvc.PbDeleteMsg[0m
[0m2021-08-19 23:50:56 V/Net 1406937296: Send: OidbSvc.0x5d2_0[0m
[0m2021-08-19 23:50:56 V/Net 1406937296: Recv: StrangerList.GetStrangerList.Response(result=0)[0m
[92m2021-08-19 23:50:56 I/Net 1406937296: Successfully loaded stranger list: 0 in total[0m
[0m2021-08-19 23:50:56 V/Net 1406937296: Send: friendlist.getFriendGroupList[0m
[0m2021-08-19 23:50:56 V/Net 1406937296: Recv: FriendList.GetFriendGroupList.Response[0m
[0m2021-08-19 23:50:56 V/Net 1406937296: Loading friend list: 3/3[0m
[92m2021-08-19 23:50:56 I/Net 1406937296: Successfully loaded friend list: 3 in total[0m
[0m2021-08-19 23:50:56 V/Net 1406937296: Send: friendlist.GetTroopListReqV2[0m
[0m2021-08-19 23:50:56 V/Net 1406937296: Recv: FriendList.GetFriendGroupList.Response[0m
[0m2021-08-19 23:50:56 V/Net 1406937296: Send: MessageSvc.PbGetMsg[0m
[0m2021-08-19 23:50:56 V/Net 1406937296: Send: MessageSvc.PbDeleteMsg[0m
[92m2021-08-19 23:50:56 I/Net 1406937296: Syncing friend message history: Success.[0m
[0m2021-08-19 23:50:56 V/Net 1406937296: Send: friendlist.GetTroopMemberListReq[0m
[0m2021-08-19 23:50:57 V/Net 1406937296: Recv: FriendList.GetTroopMemberList.Response[0m
[0m2021-08-19 23:50:57 V/Net 1406937296: Send: friendlist.GetTroopMemberListReq[0m
[0m2021-08-19 23:50:57 V/Net 1406937296: Recv: FriendList.GetTroopMemberList.Response[0m
[0m2021-08-19 23:50:57 V/Net 1406937296: Send: friendlist.GetTroopMemberListReq[0m
[0m2021-08-19 23:50:57 V/Net 1406937296: Recv: FriendList.GetTroopMemberList.Response[0m
[92m2021-08-19 23:50:57 I/Net 1406937296: Successfully loaded group list: 3 in total.[0m
[92m2021-08-19 23:50:57 I/Net 1406937296: Scheduled refresh login session in 19d 23h 55min 0.0s.[0m
[92m2021-08-19 23:50:57 I/Net 1406937296: Scheduled key refresh in 23h 55min 0.0s.[0m
[0m2021-08-19 23:50:57 V/Net 1406937296: Send: MessageSvc.PbSendMsg[0m
[0m2021-08-19 23:50:57 V/Net 1406937296: Recv: MessageSvcPbSendMsg.Response.SUCCESS[0m
[0m2021-08-19 23:50:58 V/Net 1406937296: Send: MessageSvc.PbSendMsg[0m
[0m2021-08-19 23:50:58 V/Net 1406937296: Recv: MessageSvcPbSendMsg.Response.SUCCESS[0m
[0m2021-08-19 23:50:58 V/Net 1406937296: Send: MessageSvc.PbSendMsg[0m
[0m2021-08-19 23:50:58 V/Net 1406937296: Recv: MessageSvcPbSendMsg.Response.SUCCESS[0m
[0m2021-08-19 23:50:59 V/Net 1406937296: Recv: ConfigPushSvc.PushReq.PushReqResponse.ServerListPush[0m
[92m2021-08-19 23:50:59 I/Net 1406937296: Server list updated.[0m
[92m2021-08-19 23:50:59 I/Net 1406937296: Server list: 14.22.3.83:443, 114.221.148.49:14000, 14.22.3.122:8080, 42.81.172.41:443, 114.221.148.59:80, 113.96.12.217:14000, 42.81.172.215:443, 180.109.156.246:8080, msfwifi.3g.qq.com:8080, 42.81.169.100:80.[0m
[0m2021-08-19 23:50:59 V/Net 1406937296: No BdhSession to save to cache[0m
[0m2021-08-19 23:50:59 V/Net 1406937296: Saving server list to cache[0m
[0m2021-08-19 23:50:59 V/Net 1406937296: Send: ConfigPushSvc.PushResp[0m
[92m2021-08-19 23:50:59 I/Net 1406937296: ConfigPushSvc.PushReq: Server updated.[0m
[0m2021-08-19 23:50:59 V/Net 1406937296: Recv: ConfigPushSvc.PushReq.PushReqResponse.ConfigPush[0m
[96m2021-08-19 23:50:59 D/Net 1406937296: Received unknown commandName: ConfigPushSvc.PushDomain[0m
[0m2021-08-19 23:50:59 V/Net 1406937296: Saving bdh session to cache[0m
[0m2021-08-19 23:50:59 V/Net 1406937296: Send: ConfigPushSvc.PushResp[0m
[0m2021-08-19 23:51:06 V/Net 1406937296: Send: OnlinePush.RespPush[0m
[0m2021-08-19 23:51:08 V/Net 1406937296: Send: MessageSvc.PbSendMsg[0m
[0m2021-08-19 23:51:09 V/Net 1406937296: Recv: MessageSvcPbSendMsg.Response.SUCCESS[0m
[0m2021-08-19 23:51:13 V/Net 1406937296: Send: MessageSvc.PbSendMsg[0m
[0m2021-08-19 23:51:14 V/Net 1406937296: Recv: MessageSvcPbSendMsg.Response.SUCCESS[0m
[0m2021-08-19 23:51:14 V/Net 1406937296: Send: OnlinePush.RespPush[0m
[0m2021-08-19 23:51:17 V/Net 1406937296: Send: OnlinePush.RespPush[0m
[0m2021-08-19 23:51:19 V/Net 1406937296: Send: MessageSvc.PbSendMsg[0m
[0m2021-08-19 23:51:20 V/Net 1406937296: Recv: MessageSvcPbSendMsg.Response.SUCCESS[0m
[0m2021-08-19 23:51:26 V/Net 1406937296: Send: OnlinePush.RespPush[0m
[0m2021-08-19 23:51:26 V/Net 1406937296: Send: MessageSvc.PbSendMsg[0m
[0m2021-08-19 23:51:26 V/Net 1406937296: Recv: MessageSvcPbSendMsg.Response.SUCCESS[0m
[0m2021-08-19 23:51:29 V/Net 1406937296: Send: MessageSvc.PbSendMsg[0m
[0m2021-08-19 23:51:29 V/Net 1406937296: Recv: MessageSvcPbSendMsg.Response.SUCCESS[0m
[0m2021-08-19 23:51:32 V/Net 1406937296: Send: MessageSvc.PbSendMsg[0m
[0m2021-08-19 23:51:32 V/Net 1406937296: Recv: MessageSvcPbSendMsg.Response.SUCCESS[0m
[0m2021-08-19 23:51:41 V/Net 1406937296: Send: MessageSvc.PbSendMsg[0m
[0m2021-08-19 23:51:41 V/Net 1406937296: Recv: MessageSvcPbSendMsg.Response.SUCCESS[0m
[0m2021-08-19 23:51:56 V/Net 1406937296: Send: Heartbeat.Alive[0m
[0m2021-08-19 23:51:56 V/Net 1406937296: Recv: Heartbeat.Alive.Response[0m
[0m2021-08-19 23:52:06 V/Net 1406937296: Send: MessageSvc.PbSendMsg[0m
[0m2021-08-19 23:52:06 V/Net 1406937296: Recv: MessageSvcPbSendMsg.Response.SUCCESS[0m
[0m2021-08-19 23:52:11 V/Net 1406937296: Send: MessageSvc.PbSendMsg[0m
[0m2021-08-19 23:52:11 V/Net 1406937296: Recv: MessageSvcPbSendMsg.Response.SUCCESS[0m
[0m2021-08-19 23:52:17 V/Net 1406937296: Send: MessageSvc.PbSendMsg[0m
[0m2021-08-19 23:52:17 V/Net 1406937296: Recv: MessageSvcPbSendMsg.Response.SUCCESS[0m
[0m2021-08-19 23:52:20 V/Net 1406937296: Send: MessageSvc.PbSendMsg[0m
[0m2021-08-19 23:52:20 V/Net 1406937296: Recv: MessageSvcPbSendMsg.Response.SUCCESS[0m
[0m2021-08-19 23:52:24 V/Net 1406937296: Send: MessageSvc.PbSendMsg[0m
[0m2021-08-19 23:52:24 V/Net 1406937296: Recv: MessageSvcPbSendMsg.Response.SUCCESS[0m
[0m2021-08-19 23:52:34 V/Net 1406937296: Send: MessageSvc.PbSendMsg[0m
[0m2021-08-19 23:52:34 V/Net 1406937296: Recv: MessageSvcPbSendMsg.Response.SUCCESS[0m
[0m2021-08-19 23:52:41 V/Net 1406937296: Send: MessageSvc.PbSendMsg[0m
[0m2021-08-19 23:52:41 V/Net 1406937296: Recv: MessageSvcPbSendMsg.Response.SUCCESS[0m
[0m2021-08-19 23:52:51 V/Net 1406937296: Send: MessageSvc.PbSendMsg[0m
[0m2021-08-19 23:52:51 V/Net 1406937296: Recv: MessageSvcPbSendMsg.Response.SUCCESS[0m
[0m2021-08-19 23:52:56 V/Net 1406937296: Send: Heartbeat.Alive[0m
[0m2021-08-19 23:52:56 V/Net 1406937296: Recv: Heartbeat.Alive.Response[0m
[0m2021-08-19 23:53:00 V/Net 1406937296: Send: MessageSvc.PbSendMsg[0m
[0m2021-08-19 23:53:00 V/Net 1406937296: Recv: MessageSvcPbSendMsg.Response.SUCCESS[0m
[0m2021-08-19 23:53:01 V/Net 1406937296: Send: MessageSvc.PbSendMsg[0m
[0m2021-08-19 23:53:01 V/Net 1406937296: Recv: MessageSvcPbSendMsg.Response.SUCCESS[0m
[0m2021-08-19 23:53:09 V/Net 1406937296: Send: OnlinePush.RespPush[0m
[0m2021-08-19 23:53:18 V/Net 1406937296: Send: OnlinePush.RespPush[0m
[0m2021-08-19 23:53:23 V/Net 1406937296: Send: MessageSvc.PbSendMsg[0m
[0m2021-08-19 23:53:24 V/Net 1406937296: Recv: MessageSvcPbSendMsg.Response.SUCCESS[0m
[0m2021-08-19 23:53:47 V/Net 1406937296: Send: MessageSvc.PbSendMsg[0m
[0m2021-08-19 23:53:47 V/Net 1406937296: Recv: MessageSvcPbSendMsg.Response.SUCCESS[0m
[0m2021-08-19 23:53:52 V/Net 1406937296: Send: MessageSvc.PbSendMsg[0m
[0m2021-08-19 23:53:53 V/Net 1406937296: Recv: MessageSvcPbSendMsg.Response.SUCCESS[0m
[0m2021-08-19 23:53:56 V/Net 1406937296: Send: Heartbeat.Alive[0m
[0m2021-08-19 23:53:56 V/Net 1406937296: Recv: Heartbeat.Alive.Response[0m
[0m2021-08-19 23:54:04 V/Net 1406937296: Send: MessageSvc.PbSendMsg[0m
[0m2021-08-19 23:54:04 V/Net 1406937296: Recv: MessageSvcPbSendMsg.Response.SUCCESS[0m
[0m2021-08-19 23:54:14 V/Net 1406937296: Send: MessageSvc.PbSendMsg[0m
[0m2021-08-19 23:54:14 V/Net 1406937296: Recv: MessageSvcPbSendMsg.Response.SUCCESS[0m
[0m2021-08-19 23:54:25 V/Net 1406937296: Send: MessageSvc.PbSendMsg[0m
[0m2021-08-19 23:54:25 V/Net 1406937296: Recv: MessageSvcPbSendMsg.Response.SUCCESS[0m
[0m2021-08-19 23:54:32 V/Net 1406937296: Send: MessageSvc.PbSendMsg[0m
[0m2021-08-19 23:54:33 V/Net 1406937296: Recv: MessageSvcPbSendMsg.Response.SUCCESS[0m
[0m2021-08-19 23:54:37 V/Net 1406937296: Send: MessageSvc.PbSendMsg[0m
[0m2021-08-19 23:54:37 V/Net 1406937296: Recv: MessageSvcPbSendMsg.Response.SUCCESS[0m
[0m2021-08-19 23:54:41 V/Net 1406937296: Send: MessageSvc.PbSendMsg[0m
[0m2021-08-19 23:54:41 V/Net 1406937296: Recv: MessageSvcPbSendMsg.Response.SUCCESS[0m
[0m2021-08-19 23:54:51 V/Net 1406937296: Send: MessageSvc.PbSendMsg[0m
[0m2021-08-19 23:54:51 V/Net 1406937296: Recv: MessageSvcPbSendMsg.Response.SUCCESS[0m
[0m2021-08-19 23:59:03 V/Net 1406937296: Loading BdhSession from cache file[0m
[0m2021-08-19 23:59:03 V/Net 1406937296: Loading server list from cache.[0m
[92m2021-08-19 23:59:03 I/Net 1406937296: Connected to server 113.96.12.217:14000[0m
[0m2021-08-19 23:59:03 V/Net 1406937296: Send: wtlogin.exchange_emp[0m
[0m2021-08-19 23:59:03 V/Net 1406937296: Recv: LoginPacketResponse.Success[0m
[0m2021-08-19 23:59:03 V/Net 1406937296: Send: StatSvc.register[0m
[92m2021-08-19 23:59:03 I/Net 1406937296: Saved account secrets to local cache for fast login.[0m
[0m2021-08-19 23:59:03 V/Net 1406937296: Recv: Response(StatSvc.register)[0m
[0m2021-08-19 23:59:03 V/Net 1406937296: Send: StatSvc.register[0m
[0m2021-08-19 23:59:03 V/Net 1406937296: Recv: Response(StatSvc.register)[0m
[92m2021-08-19 23:59:03 I/Net 1406937296: Awaiting ConfigPushSvc.PushReq.[0m
[92m2021-08-19 23:59:03 I/Net 1406937296: Syncing friend message history...[0m
[92m2021-08-19 23:59:03 I/Net 1406937296: Start loading friend list...[0m
[92m2021-08-19 23:59:03 I/Net 1406937296: Start loading stranger list...[0m
[0m2021-08-19 23:59:03 V/Net 1406937296: Send: MessageSvc.PbGetMsg[0m
[0m2021-08-19 23:59:03 V/Net 1406937296: Send: MessageSvc.PbDeleteMsg[0m
[0m2021-08-19 23:59:03 V/Net 1406937296: Send: StatSvc.GetDevLoginInfo[0m
[0m2021-08-19 23:59:04 V/Net 1406937296: Recv: StatSvc.GetDevLoginInfo.Response(deviceList.size=1)[0m
[0m2021-08-19 23:59:04 V/Net 1406937296: Send: OidbSvc.0x496[0m
[0m2021-08-19 23:59:04 V/Net 1406937296: Recv: TroopManagement.GetTroopConfig.Response(true)[0m
[92m2021-08-19 23:59:04 I/Net 1406937296: Start loading group list...[0m
[0m2021-08-19 23:59:04 V/Net 1406937296: Send: OidbSvc.0x5d2_0[0m
[0m2021-08-19 23:59:04 V/Net 1406937296: Recv: StrangerList.GetStrangerList.Response(result=0)[0m
[92m2021-08-19 23:59:04 I/Net 1406937296: Successfully loaded stranger list: 0 in total[0m
[0m2021-08-19 23:59:04 V/Net 1406937296: Send: friendlist.getFriendGroupList[0m
[0m2021-08-19 23:59:04 V/Net 1406937296: Recv: FriendList.GetFriendGroupList.Response[0m
[0m2021-08-19 23:59:04 V/Net 1406937296: Loading friend list: 3/3[0m
[0m2021-08-19 23:59:04 V/Net 1406937296: Send: MessageSvc.PbGetMsg[0m
[92m2021-08-19 23:59:04 I/Net 1406937296: Successfully loaded friend list: 3 in total[0m
[0m2021-08-19 23:59:04 V/Net 1406937296: Send: MessageSvc.PbDeleteMsg[0m
[0m2021-08-19 23:59:04 V/Net 1406937296: Send: friendlist.GetTroopListReqV2[0m
[92m2021-08-19 23:59:04 I/Net 1406937296: Syncing friend message history: Success.[0m
[0m2021-08-19 23:59:04 V/Net 1406937296: Recv: FriendList.GetFriendGroupList.Response[0m
[0m2021-08-19 23:59:04 V/Net 1406937296: Send: friendlist.GetTroopMemberListReq[0m
[0m2021-08-19 23:59:04 V/Net 1406937296: Recv: FriendList.GetTroopMemberList.Response[0m
[0m2021-08-19 23:59:04 V/Net 1406937296: Send: friendlist.GetTroopMemberListReq[0m
[0m2021-08-19 23:59:04 V/Net 1406937296: Recv: FriendList.GetTroopMemberList.Response[0m
[0m2021-08-19 23:59:04 V/Net 1406937296: Send: friendlist.GetTroopMemberListReq[0m
[0m2021-08-19 23:59:04 V/Net 1406937296: Recv: FriendList.GetTroopMemberList.Response[0m
[92m2021-08-19 23:59:04 I/Net 1406937296: Successfully loaded group list: 3 in total.[0m
[92m2021-08-19 23:59:04 I/Net 1406937296: Scheduled key refresh in 23h 55min 0.0s.[0m
[92m2021-08-19 23:59:04 I/Net 1406937296: Scheduled refresh login session in 19d 23h 55min 0.0s.[0m
[96m2021-08-19 23:59:06 D/Net 1406937296: Received unknown commandName: ConfigPushSvc.PushDomain[0m
[0m2021-08-19 23:59:06 V/Net 1406937296: Recv: ConfigPushSvc.PushReq.PushReqResponse.ConfigPush[0m
[0m2021-08-19 23:59:06 V/Net 1406937296: Saving bdh session to cache[0m
[0m2021-08-19 23:59:06 V/Net 1406937296: Send: ConfigPushSvc.PushResp[0m
[92m2021-08-19 23:59:06 I/Net 1406937296: ConfigPushSvc.PushReq: Config updated.[0m
[0m2021-08-19 23:59:21 V/Net 1406937296: Send: MessageSvc.PbSendMsg[0m
[0m2021-08-19 23:59:21 V/Net 1406937296: Recv: MessageSvcPbSendMsg.Response.SUCCESS[0m
[0m2021-08-19 23:59:24 V/Net 1406937296: Send: OnlinePush.RespPush[0m
[0m2021-08-19 23:59:24 V/Net 1406937296: Recv: RequestPushNotify(uin=1406937296, ctype=1, strService=MessageSvc, strCmd=PushNotify, usMsgType=45, stMsgInfo=net.mamoe.mirai.internal.network.protocol.data.jce.MsgInfo@cc8ab7)[0m
[0m2021-08-19 23:59:24 V/Net 1406937296: Send: MessageSvc.PbGetMsg[0m
[0m2021-08-19 23:59:24 V/Net 1406937296: Send: MessageSvc.PbDeleteMsg[0m
[0m2021-08-19 23:59:31 V/Net 1406937296: Send: MessageSvc.PbSendMsg[0m
[0m2021-08-19 23:59:31 V/Net 1406937296: Recv: MessageSvcPbSendMsg.Response.SUCCESS[0m
[0m2021-08-19 23:59:33 V/Net 1406937296: Send: OnlinePush.RespPush[0m
[0m2021-08-19 23:59:36 V/Net 1406937296: Send: MessageSvc.PbSendMsg[0m
[0m2021-08-19 23:59:36 V/Net 1406937296: Recv: MessageSvcPbSendMsg.Response.SUCCESS[0m
[0m2021-08-19 23:59:37 V/Net 1406937296: Send: MessageSvc.PbSendMsg[0m
[0m2021-08-19 23:59:37 V/Net 1406937296: Recv: MessageSvcPbSendMsg.Response.SUCCESS[0m
[0m2021-08-19 23:59:43 V/Net 1406937296: Send: OnlinePush.RespPush[0m
[0m2021-08-19 23:59:43 V/Net 1406937296: Recv: RequestPushNotify(uin=1406937296, ctype=1, strService=MessageSvc, strCmd=PushNotify, usMsgType=45, stMsgInfo=net.mamoe.mirai.internal.network.protocol.data.jce.MsgInfo@3e86448)[0m
[0m2021-08-19 23:59:43 V/Net 1406937296: Send: MessageSvc.PbGetMsg[0m
[0m2021-08-19 23:59:43 V/Net 1406937296: Send: MessageSvc.PbDeleteMsg[0m
[0m2021-08-19 23:59:43 V/Net 1406937296: Send: MessageSvc.PbGetMsg[0m
[0m2021-08-19 23:59:43 V/Net 1406937296: Send: MessageSvc.PbDeleteMsg[0m
[0m2021-08-19 23:59:52 V/Net 1406937296: Send: OnlinePush.RespPush[0m
