[0m2021-08-22 00:25:43 V/Net 1406937296: Loading BdhSession from cache file[0m
[0m2021-08-22 00:25:43 V/Net 1406937296: Loading server list from cache.[0m
[92m2021-08-22 00:25:43 I/Net 1406937296: Connected to server 42.81.169.46:443[0m
[0m2021-08-22 00:25:43 V/Net 1406937296: Send: wtlogin.exchange_emp[0m
[0m2021-08-22 00:25:44 V/Net 1406937296: Recv: LoginPacketResponse.Success[0m
[0m2021-08-22 00:25:44 V/Net 1406937296: Send: StatSvc.register[0m
[92m2021-08-22 00:25:44 I/Net 1406937296: Saved account secrets to local cache for fast login.[0m
[0m2021-08-22 00:25:44 V/Net 1406937296: Recv: Response(StatSvc.register)[0m
[0m2021-08-22 00:25:44 V/Net 1406937296: Send: StatSvc.register[0m
[0m2021-08-22 00:25:44 V/Net 1406937296: Recv: Response(StatSvc.register)[0m
[92m2021-08-22 00:25:44 I/Net 1406937296: Awaiting ConfigPushSvc.PushReq.[0m
[92m2021-08-22 00:25:44 I/Net 1406937296: Syncing friend message history...[0m
[92m2021-08-22 00:25:44 I/Net 1406937296: Start loading friend list...[0m
[92m2021-08-22 00:25:44 I/Net 1406937296: Start loading stranger list...[0m
[0m2021-08-22 00:25:44 V/Net 1406937296: Send: StatSvc.GetDevLoginInfo[0m
[0m2021-08-22 00:25:44 V/Net 1406937296: Recv: StatSvc.GetDevLoginInfo.Response(deviceList.size=1)[0m
[0m2021-08-22 00:25:44 V/Net 1406937296: Send: MessageSvc.PbGetMsg[0m
[0m2021-08-22 00:25:44 V/Net 1406937296: Send: MessageSvc.PbDeleteMsg[0m
[0m2021-08-22 00:25:44 V/Net 1406937296: Send: OidbSvc.0x496[0m
[0m2021-08-22 00:25:44 V/Net 1406937296: Recv: TroopManagement.GetTroopConfig.Response(true)[0m
[92m2021-08-22 00:25:44 I/Net 1406937296: Start loading group list...[0m
[0m2021-08-22 00:25:44 V/Net 1406937296: Send: OidbSvc.0x5d2_0[0m
[0m2021-08-22 00:25:44 V/Net 1406937296: Recv: StrangerList.GetStrangerList.Response(result=0)[0m
[92m2021-08-22 00:25:44 I/Net 1406937296: Successfully loaded stranger list: 0 in total[0m
[0m2021-08-22 00:25:44 V/Net 1406937296: Send: friendlist.getFriendGroupList[0m
[0m2021-08-22 00:25:44 V/Net 1406937296: Recv: FriendList.GetFriendGroupList.Response[0m
[0m2021-08-22 00:25:44 V/Net 1406937296: Loading friend list: 3/3[0m
[0m2021-08-22 00:25:44 V/Net 1406937296: Send: MessageSvc.PbGetMsg[0m
[92m2021-08-22 00:25:44 I/Net 1406937296: Successfully loaded friend list: 3 in total[0m
[0m2021-08-22 00:25:44 V/Net 1406937296: Send: MessageSvc.PbDeleteMsg[0m
[0m2021-08-22 00:25:44 V/Net 1406937296: Send: friendlist.GetTroopListReqV2[0m
[92m2021-08-22 00:25:44 I/Net 1406937296: Syncing friend message history: Success.[0m
[0m2021-08-22 00:25:45 V/Net 1406937296: Recv: FriendList.GetFriendGroupList.Response[0m
[0m2021-08-22 00:25:45 V/Net 1406937296: Send: friendlist.GetTroopMemberListReq[0m
[0m2021-08-22 00:25:45 V/Net 1406937296: Recv: FriendList.GetTroopMemberList.Response[0m
[0m2021-08-22 00:25:45 V/Net 1406937296: Send: friendlist.GetTroopMemberListReq[0m
[0m2021-08-22 00:25:45 V/Net 1406937296: Recv: FriendList.GetTroopMemberList.Response[0m
[0m2021-08-22 00:25:45 V/Net 1406937296: Send: friendlist.GetTroopMemberListReq[0m
[0m2021-08-22 00:25:45 V/Net 1406937296: Recv: FriendList.GetTroopMemberList.Response[0m
[92m2021-08-22 00:25:45 I/Net 1406937296: Successfully loaded group list: 3 in total.[0m
[92m2021-08-22 00:25:45 I/Net 1406937296: Scheduled refresh login session in 19d 23h 55min 0.0s.[0m
[92m2021-08-22 00:25:45 I/Net 1406937296: Scheduled key refresh in 23h 55min 0.0s.[0m
[0m2021-08-22 00:25:46 V/Net 1406937296: Send: MessageSvc.PbSendMsg[0m
[0m2021-08-22 00:25:46 V/Net 1406937296: Recv: MessageSvcPbSendMsg.Response.SUCCESS[0m
[0m2021-08-22 00:25:47 V/Net 1406937296: Send: MessageSvc.PbSendMsg[0m
[0m2021-08-22 00:25:47 V/Net 1406937296: Recv: ConfigPushSvc.PushReq.PushReqResponse.ServerListPush[0m
[92m2021-08-22 00:25:47 I/Net 1406937296: Server list updated.[0m
[92m2021-08-22 00:25:47 I/Net 1406937296: Server list: 113.96.13.79:443, 180.109.156.44:14000, 14.22.3.114:8080, 42.81.172.207:443, 180.109.156.246:80, 113.96.13.125:14000, 42.81.193.250:443, 180.102.110.41:8080, msfwifi.3g.qq.com:8080, 42.81.184.69:80.[0m
[0m2021-08-22 00:25:47 V/Net 1406937296: Saving bdh session to cache[0m
[0m2021-08-22 00:25:47 V/Net 1406937296: Saving server list to cache[0m
[0m2021-08-22 00:25:47 V/Net 1406937296: Send: ConfigPushSvc.PushResp[0m
[92m2021-08-22 00:25:47 I/Net 1406937296: ConfigPushSvc.PushReq: Server updated.[0m
[96m2021-08-22 00:25:47 D/Net 1406937296: Received unknown commandName: ConfigPushSvc.PushDomain[0m
[0m2021-08-22 00:25:47 V/Net 1406937296: Recv: ConfigPushSvc.PushReq.PushReqResponse.ConfigPush[0m
[0m2021-08-22 00:25:47 V/Net 1406937296: Saving bdh session to cache[0m
[0m2021-08-22 00:25:47 V/Net 1406937296: Send: ConfigPushSvc.PushResp[0m
[0m2021-08-22 00:25:47 V/Net 1406937296: Recv: MessageSvcPbSendMsg.Response.SUCCESS[0m
[0m2021-08-22 00:25:48 V/Net 1406937296: Send: MessageSvc.PbSendMsg[0m
[0m2021-08-22 00:25:48 V/Net 1406937296: Recv: MessageSvcPbSendMsg.Response.SUCCESS[0m
[0m2021-08-22 00:25:49 V/Net 1406937296: Send: MessageSvc.PbSendMsg[0m
[0m2021-08-22 00:25:49 V/Net 1406937296: Recv: MessageSvcPbSendMsg.Response.SUCCESS[0m
[0m2021-08-22 00:25:50 V/Net 1406937296: Send: MessageSvc.PbSendMsg[0m
[0m2021-08-22 00:25:50 V/Net 1406937296: Recv: MessageSvcPbSendMsg.Response.SUCCESS[0m
[0m2021-08-22 00:25:51 V/Net 1406937296: Send: MessageSvc.PbSendMsg[0m
[0m2021-08-22 00:25:51 V/Net 1406937296: Recv: MessageSvcPbSendMsg.Response.SUCCESS[0m
[0m2021-08-22 00:25:52 V/Net 1406937296: Send: OnlinePush.RespPush[0m
[0m2021-08-22 00:25:52 V/Net 1406937296: Send: MessageSvc.PbSendMsg[0m
[0m2021-08-22 00:25:52 V/Net 1406937296: Recv: MessageSvcPbSendMsg.Response.SUCCESS[0m
[0m2021-08-22 00:25:53 V/Net 1406937296: Send: MessageSvc.PbSendMsg[0m
[0m2021-08-22 00:25:53 V/Net 1406937296: Recv: MessageSvcPbSendMsg.Response.SUCCESS[0m
