[0m2021-08-26 00:00:04 V/Net 1406937296: Send: MessageSvc.PbSendMsg[0m
[0m2021-08-26 00:00:05 V/Net 1406937296: Recv: MessageSvcPbSendMsg.Response.SUCCESS[0m
[0m2021-08-26 00:00:08 V/Net 1406937296: Send: MessageSvc.PbSendMsg[0m
[0m2021-08-26 00:00:08 V/Net 1406937296: Recv: MessageSvcPbSendMsg.Response.SUCCESS[0m
[96m2021-08-26 00:00:11 D/Net 1406937296: Unknown Transformers528 0x14 template
templId=1052
PermList=[TemplParam#2088730158 {
            name=68 6F 6E 6F 72 5F 69 6D 67
            value=68 74 74 70 73 3A 2F 2F 71 7A 6F 6E 65 73 74 79 6C 65 2E 67 74 69 6D 67 2E 63 6E 2F 61 6F 69 2F 73 6F 6C 61 2F 32 30 32 30 30 32 31 37 31 32 31 35 33 36 5F 6F 43 66 4A 72 4B 39 47 78 57 2E 70 6E 67
    }, TemplParam#2088730158 {
            name=68 6F 6E 6F 72 5F 69 6D 67 5F 32
            value=68 74 74 70 73 3A 2F 2F 71 7A 6F 6E 65 73 74 79 6C 65 2E 67 74 69 6D 67 2E 63 6E 2F 61 6F 69 2F 73 6F 6C 61 2F 32 30 32 30 30 32 31 37 31 32 31 36 30 36 5F 6B 75 74 51 39 64 68 47 37 39 2E 70 6E 67
    }, TemplParam#2088730158 {
            name=68 6F 6E 6F 72 5F 75 72 6C
            value=68 74 74 70 73 3A 2F 2F 71 75 6E 2E 71 71 2E 63 6F 6D 2F 69 6E 74 65 72 61 63 74 69 76 65 2F 71 75 6E 68 6F 6E 6F 72 3F 67 63 3D 32 35 39 38 35 38 32 33 30 26 61 6D 70 3B 5F 77 76 3D 33 26 61 6D 70 3B 5F 77 77 76 3D 31 32 38
    }, TemplParam#2088730158 {
            name=68 6F 6E 6F 72 5F 75 72 6C 5F 32
            value=68 74 74 70 73 3A 2F 2F 71 75 6E 2E 71 71 2E 63 6F 6D 2F 69 6E 74 65 72 61 63 74 69 76 65 2F 71 75 6E 68 6F 6E 6F 72 3F 67 63 3D 32 35 39 38 35 38 32 33 30 26 61 6D 70 3B 5F 77 76 3D 33 26 61 6D 70 3B 5F 77 77 76 3D 31 32 38
    }, TemplParam#2088730158 {
            name=6E 69 63 6B
            value=E3 82 A4 E3 83 AB E3 83 AB
    }, TemplParam#2088730158 {
            name=75 69 6E
            value=37 37 36 36 33 31 39 30 34
    }, TemplParam#2088730158 {
            name=75 69 6E 5F 75 72 6C
            value=6D 71 71 61 70 69 3A 2F 2F 63 61 72 64 2F 73 68 6F 77 5F 70 73 6C 63 61 72 64 3F 63 61 72 64 5F 74 79 70 65 3D 74 72 6F 6F 70 6D 65 6D 62 65 72 26 61 6D 70 3B 75 69 6E 3D 37 37 36 36 33 31 39 30 34 26 61 6D 70 3B 74 72 6F 6F 70 63 6F 64 65 3D 32 35 39 38 35 38 32 33 30 26 61 6D 70 3B 73 72 63 5F 74 79 70 65 3D 69 6E 74 65 72 6E 61 6C 26 61 6D 70 3B 76 65 72 73 69 6F 6E 3D 31
    }][0m
[0m2021-08-26 00:00:11 V/Net 1406937296: Send: OnlinePush.RespPush[0m
[0m2021-08-26 00:00:20 V/Net 1406937296: Send: OnlinePush.RespPush[0m
[0m2021-08-26 00:00:24 V/Net 1406937296: Send: Heartbeat.Alive[0m
[0m2021-08-26 00:00:24 V/Net 1406937296: Recv: Heartbeat.Alive.Response[0m
[0m2021-08-26 00:01:24 V/Net 1406937296: Send: Heartbeat.Alive[0m
[0m2021-08-26 00:01:25 V/Net 1406937296: Recv: Heartbeat.Alive.Response[0m
[0m2021-08-26 00:02:25 V/Net 1406937296: Send: Heartbeat.Alive[0m
[0m2021-08-26 00:02:25 V/Net 1406937296: Recv: Heartbeat.Alive.Response[0m
[0m2021-08-26 00:03:25 V/Net 1406937296: Send: Heartbeat.Alive[0m
[0m2021-08-26 00:03:25 V/Net 1406937296: Recv: Heartbeat.Alive.Response[0m
[0m2021-08-26 00:04:18 V/Net 1406937296: Send: StatSvc.SimpleGet[0m
[0m2021-08-26 00:04:18 V/Net 1406937296: Recv: Response(SimpleGet.Response)[0m
[0m2021-08-26 00:04:25 V/Net 1406937296: Send: Heartbeat.Alive[0m
[0m2021-08-26 00:04:25 V/Net 1406937296: Recv: Heartbeat.Alive.Response[0m
[0m2021-08-26 00:05:25 V/Net 1406937296: Send: Heartbeat.Alive[0m
[0m2021-08-26 00:05:25 V/Net 1406937296: Recv: Heartbeat.Alive.Response[0m
[0m2021-08-26 00:06:09 V/Net 1406937296: Send: MessageSvc.PbSendMsg[0m
[0m2021-08-26 00:06:10 V/Net 1406937296: Recv: MessageSvcPbSendMsg.Response.SUCCESS[0m
[0m2021-08-26 00:06:13 V/Net 1406937296: Send: MessageSvc.PbSendMsg[0m
[0m2021-08-26 00:06:13 V/Net 1406937296: Recv: MessageSvcPbSendMsg.Response.SUCCESS[0m
[0m2021-08-26 00:06:25 V/Net 1406937296: Send: Heartbeat.Alive[0m
[0m2021-08-26 00:06:25 V/Net 1406937296: Recv: Heartbeat.Alive.Response[0m
[0m2021-08-26 00:06:46 V/Net 1406937296: Send: MessageSvc.PbSendMsg[0m
[0m2021-08-26 00:06:46 V/Net 1406937296: Recv: MessageSvcPbSendMsg.Response.SUCCESS[0m
[0m2021-08-26 00:06:49 V/Net 1406937296: Send: MessageSvc.PbSendMsg[0m
[0m2021-08-26 00:06:49 V/Net 1406937296: Recv: MessageSvcPbSendMsg.Response.SUCCESS[0m
[0m2021-08-26 00:06:58 V/Net 1406937296: Send: MessageSvc.PbSendMsg[0m
[0m2021-08-26 00:06:59 V/Net 1406937296: Recv: MessageSvcPbSendMsg.Response.SUCCESS[0m
[0m2021-08-26 00:07:02 V/Net 1406937296: Send: MessageSvc.PbSendMsg[0m
[0m2021-08-26 00:07:02 V/Net 1406937296: Recv: MessageSvcPbSendMsg.Response.SUCCESS[0m
[0m2021-08-26 00:07:25 V/Net 1406937296: Send: Heartbeat.Alive[0m
[0m2021-08-26 00:07:25 V/Net 1406937296: Recv: Heartbeat.Alive.Response[0m
[0m2021-08-26 00:07:46 V/Net 1406937296: Send: MessageSvc.PbSendMsg[0m
[0m2021-08-26 00:07:47 V/Net 1406937296: Recv: MessageSvcPbSendMsg.Response.SUCCESS[0m
[0m2021-08-26 00:08:25 V/Net 1406937296: Send: Heartbeat.Alive[0m
[0m2021-08-26 00:08:25 V/Net 1406937296: Recv: Heartbeat.Alive.Response[0m
[0m2021-08-26 00:08:48 V/Net 1406937296: Send: StatSvc.SimpleGet[0m
[0m2021-08-26 00:08:48 V/Net 1406937296: Recv: Response(SimpleGet.Response)[0m
[0m2021-08-26 00:09:25 V/Net 1406937296: Send: Heartbeat.Alive[0m
[0m2021-08-26 00:09:25 V/Net 1406937296: Recv: Heartbeat.Alive.Response[0m
[0m2021-08-26 00:10:25 V/Net 1406937296: Send: Heartbeat.Alive[0m
[0m2021-08-26 00:10:25 V/Net 1406937296: Recv: Heartbeat.Alive.Response[0m
[0m2021-08-26 00:11:25 V/Net 1406937296: Send: Heartbeat.Alive[0m
[0m2021-08-26 00:11:25 V/Net 1406937296: Recv: Heartbeat.Alive.Response[0m
[0m2021-08-26 00:12:25 V/Net 1406937296: Send: Heartbeat.Alive[0m
[0m2021-08-26 00:12:25 V/Net 1406937296: Recv: Heartbeat.Alive.Response[0m
[0m2021-08-26 00:13:18 V/Net 1406937296: Send: StatSvc.SimpleGet[0m
[0m2021-08-26 00:13:18 V/Net 1406937296: Recv: Response(SimpleGet.Response)[0m
[0m2021-08-26 00:13:25 V/Net 1406937296: Send: Heartbeat.Alive[0m
[0m2021-08-26 00:13:25 V/Net 1406937296: Recv: Heartbeat.Alive.Response[0m
[0m2021-08-26 00:13:40 V/Net 1406937296: Send: MessageSvc.PbSendMsg[0m
[0m2021-08-26 00:13:41 V/Net 1406937296: Recv: MessageSvcPbSendMsg.Response.SUCCESS[0m
[0m2021-08-26 00:14:25 V/Net 1406937296: Send: Heartbeat.Alive[0m
[0m2021-08-26 00:14:25 V/Net 1406937296: Recv: Heartbeat.Alive.Response[0m
[0m2021-08-26 00:14:47 V/Net 1406937296: Send: MessageSvc.PbSendMsg[0m
[0m2021-08-26 00:14:48 V/Net 1406937296: Recv: MessageSvcPbSendMsg.Response.SUCCESS[0m
[0m2021-08-26 00:15:25 V/Net 1406937296: Send: Heartbeat.Alive[0m
[0m2021-08-26 00:15:25 V/Net 1406937296: Recv: Heartbeat.Alive.Response[0m
[0m2021-08-26 00:16:25 V/Net 1406937296: Send: Heartbeat.Alive[0m
[0m2021-08-26 00:16:25 V/Net 1406937296: Recv: Heartbeat.Alive.Response[0m
[0m2021-08-26 00:17:25 V/Net 1406937296: Send: Heartbeat.Alive[0m
[0m2021-08-26 00:17:25 V/Net 1406937296: Recv: Heartbeat.Alive.Response[0m
[0m2021-08-26 00:17:48 V/Net 1406937296: Send: StatSvc.SimpleGet[0m
[0m2021-08-26 00:17:48 V/Net 1406937296: Recv: Response(SimpleGet.Response)[0m
[0m2021-08-26 00:18:25 V/Net 1406937296: Send: Heartbeat.Alive[0m
[0m2021-08-26 00:18:25 V/Net 1406937296: Recv: Heartbeat.Alive.Response[0m
[0m2021-08-26 00:19:25 V/Net 1406937296: Send: Heartbeat.Alive[0m
[0m2021-08-26 00:19:25 V/Net 1406937296: Recv: Heartbeat.Alive.Response[0m
[0m2021-08-26 00:20:25 V/Net 1406937296: Send: Heartbeat.Alive[0m
[0m2021-08-26 00:20:25 V/Net 1406937296: Recv: Heartbeat.Alive.Response[0m
[0m2021-08-26 00:21:25 V/Net 1406937296: Send: Heartbeat.Alive[0m
[0m2021-08-26 00:21:25 V/Net 1406937296: Recv: Heartbeat.Alive.Response[0m
[0m2021-08-26 00:22:18 V/Net 1406937296: Send: StatSvc.SimpleGet[0m
[0m2021-08-26 00:22:18 V/Net 1406937296: Recv: Response(SimpleGet.Response)[0m
[0m2021-08-26 00:22:25 V/Net 1406937296: Send: Heartbeat.Alive[0m
[0m2021-08-26 00:22:25 V/Net 1406937296: Recv: Heartbeat.Alive.Response[0m
[0m2021-08-26 00:23:25 V/Net 1406937296: Send: Heartbeat.Alive[0m
[0m2021-08-26 00:23:25 V/Net 1406937296: Recv: Heartbeat.Alive.Response[0m
[0m2021-08-26 00:24:21 V/Net 1406937296: Send: MessageSvc.PbSendMsg[0m
[0m2021-08-26 00:24:21 V/Net 1406937296: Recv: MessageSvcPbSendMsg.Response.SUCCESS[0m
[0m2021-08-26 00:24:25 V/Net 1406937296: Send: Heartbeat.Alive[0m
[0m2021-08-26 00:24:25 V/Net 1406937296: Recv: Heartbeat.Alive.Response[0m
[0m2021-08-26 00:25:25 V/Net 1406937296: Send: Heartbeat.Alive[0m
[0m2021-08-26 00:25:25 V/Net 1406937296: Recv: Heartbeat.Alive.Response[0m
[0m2021-08-26 00:26:25 V/Net 1406937296: Send: Heartbeat.Alive[0m
[0m2021-08-26 00:26:25 V/Net 1406937296: Recv: Heartbeat.Alive.Response[0m
[0m2021-08-26 00:26:48 V/Net 1406937296: Send: StatSvc.SimpleGet[0m
[0m2021-08-26 00:26:48 V/Net 1406937296: Recv: Response(SimpleGet.Response)[0m
[0m2021-08-26 00:27:25 V/Net 1406937296: Send: Heartbeat.Alive[0m
[0m2021-08-26 00:27:25 V/Net 1406937296: Recv: Heartbeat.Alive.Response[0m
[0m2021-08-26 00:28:25 V/Net 1406937296: Send: Heartbeat.Alive[0m
[0m2021-08-26 00:28:25 V/Net 1406937296: Recv: Heartbeat.Alive.Response[0m
[0m2021-08-26 00:29:25 V/Net 1406937296: Send: Heartbeat.Alive[0m
[0m2021-08-26 00:29:25 V/Net 1406937296: Recv: Heartbeat.Alive.Response[0m
[0m2021-08-26 00:30:25 V/Net 1406937296: Send: Heartbeat.Alive[0m
[0m2021-08-26 00:30:26 V/Net 1406937296: Recv: Heartbeat.Alive.Response[0m
[0m2021-08-26 00:31:18 V/Net 1406937296: Send: StatSvc.SimpleGet[0m
[0m2021-08-26 00:31:18 V/Net 1406937296: Recv: Response(SimpleGet.Response)[0m
[0m2021-08-26 00:31:26 V/Net 1406937296: Send: Heartbeat.Alive[0m
[0m2021-08-26 00:31:26 V/Net 1406937296: Recv: Heartbeat.Alive.Response[0m
[0m2021-08-26 00:32:26 V/Net 1406937296: Send: Heartbeat.Alive[0m
[0m2021-08-26 00:32:26 V/Net 1406937296: Recv: Heartbeat.Alive.Response[0m
[0m2021-08-26 00:33:26 V/Net 1406937296: Send: Heartbeat.Alive[0m
[0m2021-08-26 00:33:26 V/Net 1406937296: Recv: Heartbeat.Alive.Response[0m
[0m2021-08-26 00:34:26 V/Net 1406937296: Send: Heartbeat.Alive[0m
[0m2021-08-26 00:34:26 V/Net 1406937296: Recv: Heartbeat.Alive.Response[0m
[0m2021-08-26 00:35:26 V/Net 1406937296: Send: Heartbeat.Alive[0m
[0m2021-08-26 00:35:26 V/Net 1406937296: Recv: Heartbeat.Alive.Response[0m
[0m2021-08-26 00:35:48 V/Net 1406937296: Send: StatSvc.SimpleGet[0m
[0m2021-08-26 00:35:48 V/Net 1406937296: Recv: Response(SimpleGet.Response)[0m
[0m2021-08-26 00:36:26 V/Net 1406937296: Send: Heartbeat.Alive[0m
[0m2021-08-26 00:36:26 V/Net 1406937296: Recv: Heartbeat.Alive.Response[0m
